<?xml version="1.0" encoding="UTF-8"?>
<!-- Generated by org.testng.reporters.JUnitXMLReporter -->
<testsuite ignored="0" hostname="Dhruv" failures="0" tests="3" name="Default test" time="48.752" errors="0" timestamp="30 अप्रैल 2023 03:51:19 GMT">
  <testcase classname="testcases.LoginTest" name="test1" time="11.445"/>
  <testcase classname="testcases.LoginTest" name="test2" time="9.857"/>
  <testcase classname="testcases.LoginTest" name="test4" time="7.785"/>
</testsuite> <!-- Default test -->
