<?xml version="1.0" encoding="UTF-8"?>
<!-- Generated by org.testng.reporters.JUnitXMLReporter -->
<testsuite ignored="2" hostname="Dhruv" failures="0" tests="3" name="Test" time="28.955" errors="0" timestamp="30 अप्रैल 2023 00:55:38 GMT">
  <testcase classname="testcases.BaseClass" name="@BeforeMethod SetUp" time="0.031">
    <failure type="java.lang.NullPointerException" message="Cannot invoke &amp;quot;com.relevantcodes.extentreports.ExtentReports.startTest(String)&amp;quot; because &amp;quot;this.report&amp;quot; is null">
      <![CDATA[java.lang.NullPointerException: Cannot invoke "com.relevantcodes.extentreports.ExtentReports.startTest(String)" because "this.report" is null
at testcases.BaseClass.SetUp(BaseClass.java:34)
... Removed 28 stack frames]]>
    </failure>
  </testcase> <!-- @BeforeMethod SetUp -->
  <testcase classname="testcases.BaseClass" name="@AfterMethod TearDown" time="0.0">
    <skipped/>
  </testcase> <!-- @AfterMethod TearDown -->
  <testcase classname="testcases.LoginTest" name="test1" time="8.617"/>
  <testcase classname="testcases.LoginTest" name="test2" time="6.154"/>
  <testcase classname="testcases.HomePageTest" name="test3" time="0.0">
    <skipped/>
  </testcase> <!-- test3 -->
  <testcase classname="testcases.BaseClass" name="@AfterTest ReportClean" time="0.0">
    <ignored/>
  </testcase> <!-- @AfterTest ReportClean -->
  <testcase classname="testcases.BaseClass" name="@BeforeTest ReportSetUp" time="0.0">
    <ignored/>
  </testcase> <!-- @BeforeTest ReportSetUp -->
</testsuite> <!-- Test -->
