<?xml version="1.0" encoding="UTF-8"?>
<testng-results skipped="0" failed="0" ignored="0" total="1" passed="1">
  <reporter-output>
  </reporter-output>
  <suite name="Suite" duration-ms="8151" started-at="2023-05-05T10:09:41Z" finished-at="2023-05-05T10:09:50Z">
    <groups>
    </groups>
    <test name="Test" duration-ms="8151" started-at="2023-05-05T10:09:41Z" finished-at="2023-05-05T10:09:50Z">
      <class name="testcases.HomePageTest">
        <test-method status="PASS" signature="ReportSetup()[pri:0, instance:testcases.HomePageTest@704d6e83]" name="ReportSetup" is-config="true" duration-ms="866" started-at="2023-05-05T10:09:41Z" finished-at="2023-05-05T10:09:42Z">
          <reporter-output>
          </reporter-output>
        </test-method> <!-- ReportSetup -->
        <test-method status="PASS" signature="SetUp(java.lang.reflect.Method)[pri:0, instance:testcases.HomePageTest@704d6e83]" name="SetUp" is-config="true" duration-ms="5999" started-at="2023-05-05T10:09:42Z" finished-at="2023-05-05T10:09:48Z">
          <params>
            <param index="0">
              <value>
                <![CDATA[public void testcases.HomePageTest.test3()]]>
              </value>
            </param>
          </params>
          <reporter-output>
          </reporter-output>
        </test-method> <!-- SetUp -->
        <test-method status="PASS" signature="test3()[pri:0, instance:testcases.HomePageTest@704d6e83]" name="test3" duration-ms="4" started-at="2023-05-05T10:09:48Z" finished-at="2023-05-05T10:09:48Z">
          <reporter-output>
          </reporter-output>
        </test-method> <!-- test3 -->
        <test-method status="PASS" signature="TearDown()[pri:0, instance:testcases.HomePageTest@704d6e83]" name="TearDown" is-config="true" duration-ms="709" started-at="2023-05-05T10:09:48Z" finished-at="2023-05-05T10:09:49Z">
          <reporter-output>
          </reporter-output>
        </test-method> <!-- TearDown -->
        <test-method status="PASS" signature="ReportClean()[pri:0, instance:testcases.HomePageTest@704d6e83]" name="ReportClean" is-config="true" duration-ms="478" started-at="2023-05-05T10:09:49Z" finished-at="2023-05-05T10:09:50Z">
          <reporter-output>
          </reporter-output>
        </test-method> <!-- ReportClean -->
      </class> <!-- testcases.HomePageTest -->
    </test> <!-- Test -->
  </suite> <!-- Suite -->
</testng-results>
