<?xml version="1.0" encoding="UTF-8"?>
<testng-results ignored="0" total="3" passed="3" failed="0" skipped="0">
  <reporter-output>
  </reporter-output>
  <suite started-at="2023-04-30T03:30:28Z" name="Suite" finished-at="2023-04-30T03:31:10Z" duration-ms="41105">
    <groups>
    </groups>
    <test started-at="2023-04-30T03:30:28Z" name="Test" finished-at="2023-04-30T03:31:10Z" duration-ms="41105">
      <class name="testcases.LoginTest">
        <test-method is-config="true" signature="ReportSetup()[pri:0, instance:testcases.LoginTest@73d983ea]" started-at="2023-04-30T03:30:28Z" name="ReportSetup" finished-at="2023-04-30T03:30:29Z" duration-ms="1038" status="PASS">
          <reporter-output>
          </reporter-output>
        </test-method> <!-- ReportSetup -->
        <test-method is-config="true" signature="SetUp(java.lang.reflect.Method)[pri:0, instance:testcases.LoginTest@73d983ea]" started-at="2023-04-30T03:30:29Z" name="SetUp" finished-at="2023-04-30T03:30:36Z" duration-ms="6079" status="PASS">
          <params>
            <param index="0">
              <value>
                <![CDATA[public void testcases.LoginTest.test1()]]>
              </value>
            </param>
          </params>
          <reporter-output>
          </reporter-output>
        </test-method> <!-- SetUp -->
        <test-method signature="test1()[pri:0, instance:testcases.LoginTest@73d983ea]" started-at="2023-04-30T03:30:36Z" name="test1" finished-at="2023-04-30T03:30:44Z" duration-ms="8642" status="PASS">
          <reporter-output>
          </reporter-output>
        </test-method> <!-- test1 -->
        <test-method is-config="true" signature="TearDown()[pri:0, instance:testcases.LoginTest@73d983ea]" started-at="2023-04-30T03:30:44Z" name="TearDown" finished-at="2023-04-30T03:30:45Z" duration-ms="754" status="PASS">
          <reporter-output>
          </reporter-output>
        </test-method> <!-- TearDown -->
        <test-method is-config="true" signature="SetUp(java.lang.reflect.Method)[pri:0, instance:testcases.LoginTest@73d983ea]" started-at="2023-04-30T03:30:45Z" name="SetUp" finished-at="2023-04-30T03:30:50Z" duration-ms="5412" status="PASS">
          <params>
            <param index="0">
              <value>
                <![CDATA[public void testcases.LoginTest.test2()]]>
              </value>
            </param>
          </params>
          <reporter-output>
          </reporter-output>
        </test-method> <!-- SetUp -->
        <test-method signature="test2()[pri:0, instance:testcases.LoginTest@73d983ea]" started-at="2023-04-30T03:30:50Z" name="test2" finished-at="2023-04-30T03:30:57Z" duration-ms="6685" status="PASS">
          <reporter-output>
          </reporter-output>
        </test-method> <!-- test2 -->
        <test-method is-config="true" signature="TearDown()[pri:0, instance:testcases.LoginTest@73d983ea]" started-at="2023-04-30T03:30:57Z" name="TearDown" finished-at="2023-04-30T03:30:58Z" duration-ms="802" status="PASS">
          <reporter-output>
          </reporter-output>
        </test-method> <!-- TearDown -->
        <test-method is-config="true" signature="SetUp(java.lang.reflect.Method)[pri:0, instance:testcases.LoginTest@73d983ea]" started-at="2023-04-30T03:30:58Z" name="SetUp" finished-at="2023-04-30T03:31:03Z" duration-ms="5456" status="PASS">
          <params>
            <param index="0">
              <value>
                <![CDATA[public void testcases.LoginTest.test4(java.lang.reflect.Method) throws com.codoid.products.exception.FilloException]]>
              </value>
            </param>
          </params>
          <reporter-output>
          </reporter-output>
        </test-method> <!-- SetUp -->
        <test-method signature="test4(java.lang.reflect.Method)[pri:0, instance:testcases.LoginTest@73d983ea]" started-at="2023-04-30T03:31:03Z" name="test4" finished-at="2023-04-30T03:31:08Z" duration-ms="4839" status="PASS">
          <params>
            <param index="0">
              <value>
                <![CDATA[public void testcases.LoginTest.test4(java.lang.reflect.Method) throws com.codoid.products.exception.FilloException]]>
              </value>
            </param>
          </params>
          <reporter-output>
          </reporter-output>
        </test-method> <!-- test4 -->
        <test-method is-config="true" signature="TearDown()[pri:0, instance:testcases.LoginTest@73d983ea]" started-at="2023-04-30T03:31:08Z" name="TearDown" finished-at="2023-04-30T03:31:09Z" duration-ms="841" status="PASS">
          <reporter-output>
          </reporter-output>
        </test-method> <!-- TearDown -->
        <test-method is-config="true" signature="ReportClean()[pri:0, instance:testcases.LoginTest@73d983ea]" started-at="2023-04-30T03:31:09Z" name="ReportClean" finished-at="2023-04-30T03:31:10Z" duration-ms="530" status="PASS">
          <reporter-output>
          </reporter-output>
        </test-method> <!-- ReportClean -->
      </class> <!-- testcases.LoginTest -->
    </test> <!-- Test -->
  </suite> <!-- Suite -->
</testng-results>
