<?xml version="1.0" encoding="UTF-8"?>
<testng-results ignored="0" total="1" passed="1" failed="0" skipped="0">
  <reporter-output>
  </reporter-output>
  <suite started-at="2023-05-05T09:48:38Z" name="Suite" finished-at="2023-05-05T09:48:47Z" duration-ms="8902">
    <groups>
    </groups>
    <test started-at="2023-05-05T09:48:38Z" name="Test" finished-at="2023-05-05T09:48:47Z" duration-ms="8902">
      <class name="testcases.HomePageTest">
        <test-method is-config="true" signature="ReportSetup()[pri:0, instance:testcases.HomePageTest@59e505b2]" started-at="2023-05-05T09:48:38Z" name="ReportSetup" finished-at="2023-05-05T09:48:40Z" duration-ms="1611" status="PASS">
          <reporter-output>
          </reporter-output>
        </test-method> <!-- ReportSetup -->
        <test-method is-config="true" signature="SetUp(java.lang.reflect.Method)[pri:0, instance:testcases.HomePageTest@59e505b2]" started-at="2023-05-05T09:48:40Z" name="SetUp" finished-at="2023-05-05T09:48:46Z" duration-ms="5984" status="PASS">
          <params>
            <param index="0">
              <value>
                <![CDATA[public void testcases.HomePageTest.test3()]]>
              </value>
            </param>
          </params>
          <reporter-output>
          </reporter-output>
        </test-method> <!-- SetUp -->
        <test-method signature="test3()[pri:0, instance:testcases.HomePageTest@59e505b2]" started-at="2023-05-05T09:48:46Z" name="test3" finished-at="2023-05-05T09:48:46Z" duration-ms="13" status="PASS">
          <reporter-output>
          </reporter-output>
        </test-method> <!-- test3 -->
        <test-method is-config="true" signature="TearDown()[pri:0, instance:testcases.HomePageTest@59e505b2]" started-at="2023-05-05T09:48:46Z" name="TearDown" finished-at="2023-05-05T09:48:47Z" duration-ms="778" status="PASS">
          <reporter-output>
          </reporter-output>
        </test-method> <!-- TearDown -->
        <test-method is-config="true" signature="ReportClean()[pri:0, instance:testcases.HomePageTest@59e505b2]" started-at="2023-05-05T09:48:47Z" name="ReportClean" finished-at="2023-05-05T09:48:47Z" duration-ms="468" status="PASS">
          <reporter-output>
          </reporter-output>
        </test-method> <!-- ReportClean -->
      </class> <!-- testcases.HomePageTest -->
    </test> <!-- Test -->
  </suite> <!-- Suite -->
</testng-results>
