<?xml version="1.0" encoding="UTF-8"?>
<testng-results ignored="0" total="3" passed="3" failed="0" skipped="0">
  <reporter-output>
  </reporter-output>
  <suite started-at="2023-04-30T03:50:30Z" name="Default suite" finished-at="2023-04-30T03:51:19Z" duration-ms="48752">
    <groups>
    </groups>
    <test started-at="2023-04-30T03:50:30Z" name="Default test" finished-at="2023-04-30T03:51:19Z" duration-ms="48752">
      <class name="testcases.LoginTest">
        <test-method is-config="true" signature="ReportSetup()[pri:0, instance:testcases.LoginTest@8e50104]" started-at="2023-04-30T03:50:30Z" name="ReportSetup" finished-at="2023-04-30T03:50:31Z" duration-ms="1143" status="PASS">
          <reporter-output>
          </reporter-output>
        </test-method> <!-- ReportSetup -->
        <test-method is-config="true" signature="SetUp(java.lang.reflect.Method)[pri:0, instance:testcases.LoginTest@8e50104]" started-at="2023-04-30T03:50:31Z" name="SetUp" finished-at="2023-04-30T03:50:37Z" duration-ms="5836" status="PASS">
          <params>
            <param index="0">
              <value>
                <![CDATA[public void testcases.LoginTest.test1()]]>
              </value>
            </param>
          </params>
          <reporter-output>
          </reporter-output>
        </test-method> <!-- SetUp -->
        <test-method signature="test1()[pri:0, instance:testcases.LoginTest@8e50104]" started-at="2023-04-30T03:50:37Z" name="test1" finished-at="2023-04-30T03:50:49Z" duration-ms="11445" status="PASS">
          <reporter-output>
          </reporter-output>
        </test-method> <!-- test1 -->
        <test-method is-config="true" signature="TearDown()[pri:0, instance:testcases.LoginTest@8e50104]" started-at="2023-04-30T03:50:49Z" name="TearDown" finished-at="2023-04-30T03:50:49Z" duration-ms="769" status="PASS">
          <reporter-output>
          </reporter-output>
        </test-method> <!-- TearDown -->
        <test-method is-config="true" signature="SetUp(java.lang.reflect.Method)[pri:0, instance:testcases.LoginTest@8e50104]" started-at="2023-04-30T03:50:49Z" name="SetUp" finished-at="2023-04-30T03:50:54Z" duration-ms="4946" status="PASS">
          <params>
            <param index="0">
              <value>
                <![CDATA[public void testcases.LoginTest.test2()]]>
              </value>
            </param>
          </params>
          <reporter-output>
          </reporter-output>
        </test-method> <!-- SetUp -->
        <test-method signature="test2()[pri:0, instance:testcases.LoginTest@8e50104]" started-at="2023-04-30T03:50:54Z" name="test2" finished-at="2023-04-30T03:51:04Z" duration-ms="9857" status="PASS">
          <reporter-output>
          </reporter-output>
        </test-method> <!-- test2 -->
        <test-method is-config="true" signature="TearDown()[pri:0, instance:testcases.LoginTest@8e50104]" started-at="2023-04-30T03:51:04Z" name="TearDown" finished-at="2023-04-30T03:51:05Z" duration-ms="778" status="PASS">
          <reporter-output>
          </reporter-output>
        </test-method> <!-- TearDown -->
        <test-method is-config="true" signature="SetUp(java.lang.reflect.Method)[pri:0, instance:testcases.LoginTest@8e50104]" started-at="2023-04-30T03:51:05Z" name="SetUp" finished-at="2023-04-30T03:51:10Z" duration-ms="4753" status="PASS">
          <params>
            <param index="0">
              <value>
                <![CDATA[public void testcases.LoginTest.test4(java.lang.reflect.Method) throws com.codoid.products.exception.FilloException]]>
              </value>
            </param>
          </params>
          <reporter-output>
          </reporter-output>
        </test-method> <!-- SetUp -->
        <test-method signature="test4(java.lang.reflect.Method)[pri:0, instance:testcases.LoginTest@8e50104]" started-at="2023-04-30T03:51:10Z" name="test4" finished-at="2023-04-30T03:51:17Z" duration-ms="7785" status="PASS">
          <params>
            <param index="0">
              <value>
                <![CDATA[public void testcases.LoginTest.test4(java.lang.reflect.Method) throws com.codoid.products.exception.FilloException]]>
              </value>
            </param>
          </params>
          <reporter-output>
          </reporter-output>
        </test-method> <!-- test4 -->
        <test-method is-config="true" signature="TearDown()[pri:0, instance:testcases.LoginTest@8e50104]" started-at="2023-04-30T03:51:17Z" name="TearDown" finished-at="2023-04-30T03:51:18Z" duration-ms="930" status="PASS">
          <reporter-output>
          </reporter-output>
        </test-method> <!-- TearDown -->
        <test-method is-config="true" signature="ReportClean()[pri:0, instance:testcases.LoginTest@8e50104]" started-at="2023-04-30T03:51:18Z" name="ReportClean" finished-at="2023-04-30T03:51:19Z" duration-ms="474" status="PASS">
          <reporter-output>
          </reporter-output>
        </test-method> <!-- ReportClean -->
      </class> <!-- testcases.LoginTest -->
    </test> <!-- Default test -->
  </suite> <!-- Default suite -->
</testng-results>
