<?xml version="1.0" encoding="UTF-8"?>
<!-- Generated by org.testng.reporters.JUnitReportReporter -->
<testsuite hostname="Dhruv" failures="0" tests="3" name="testcases.LoginTest" time="38.209" errors="0" timestamp="05 मई 2023 06:56:53 GMT" skipped="0">
  <testcase classname="testcases.LoginTest" name="test1" time="12.938"/>
  <testcase classname="testcases.LoginTest" name="test4" time="13.415"/>
  <testcase classname="testcases.LoginTest" name="test2" time="11.856"/>
</testsuite> <!-- testcases.LoginTest -->
